2025-06-16 14:59:31,955 [WARNING] Job myJob1 failed attempt 1/3: Input file not found: case1.in
2025-06-16 14:59:32,957 [WARNING] Job myJob2 failed attempt 1/3: Input file not found: case1.in
2025-06-16 14:59:33,959 [WARNING] Job myJob3 failed attempt 1/3: Input file not found: case1.in
2025-06-16 15:00:13,759 [INFO] Uploaded case1.in → Nycppo
2025-06-16 15:00:13,792 [INFO] Uploaded case1.in → LgjCdo
2025-06-16 15:00:13,985 [INFO] Uploaded case1.in → ZJcppo
2025-06-16 15:00:14,992 [INFO] Uploaded case1.in → bHtGdo
2025-06-16 15:00:16,014 [INFO] Uploaded case1.in → qjntpo
2025-06-16 15:00:17,146 [INFO] Uploaded case1.in → oStGdo
2025-06-16 15:00:17,323 [INFO] Uploaded mesh.msh → Cuntpo
2025-06-16 15:00:17,336 [INFO] Uploaded mesh.msh → dHtGdo
2025-06-16 15:00:17,800 [INFO] Uploaded case1.in → sjntpo
2025-06-16 15:00:18,271 [INFO] Uploaded mesh.msh → qStGdo
2025-06-16 15:00:18,291 [INFO] Uploaded mesh.msh → Euntpo
2025-06-16 15:00:18,985 [INFO] Uploaded mesh.msh → jHtGdo
2025-06-16 15:00:20,334 [INFO] Uploaded mesh.msh → wStGdo
2025-06-16 15:00:20,905 [INFO] Uploaded mesh.msh → Luntpo
2025-06-16 15:00:23,900 [INFO] Uploaded case1.in → yjntpo
2025-06-16 15:00:27,833 [INFO] Uploaded mesh.msh → yStGdo
2025-06-16 15:00:32,088 [INFO] Submitted job myJob2 (kvMAeg)
2025-06-16 15:00:32,088 [INFO] Burst limit reached: resting 60 s
2025-06-16 15:00:32,112 [INFO] Submitted job myJob4 (xFMAeg)
2025-06-16 15:00:33,338 [INFO] Submitted job myJob6 (OfWEeg)
2025-06-16 15:00:33,359 [INFO] Submitted job myJob3 (zXEnqg)
2025-06-16 15:00:34,705 [INFO] Submitted job myJob5 (MhFnqg)
2025-06-16 15:00:35,178 [INFO] Submitted job myJob7 (cJPrqg)
2025-06-16 15:00:35,326 [INFO] Uploaded case1.in → kSXytn
2025-06-16 15:00:35,398 [INFO] Uploaded case1.in → iAeNhn
2025-06-16 15:00:35,610 [INFO] Submitted job myJob1 (arWEeg)
2025-06-16 15:00:37,307 [INFO] Uploaded case1.in → xcYytn
2025-06-16 15:00:37,415 [INFO] Uploaded case1.in → cqeNhn
2025-06-16 15:00:38,166 [INFO] Uploaded case1.in → rSXytn
2025-06-16 15:00:38,699 [INFO] Uploaded case1.in → pAeNhn
2025-06-16 15:00:39,053 [INFO] Uploaded mesh.msh → eqeNhn
2025-06-16 15:00:39,064 [INFO] Uploaded mesh.msh → DcYytn
2025-06-16 15:00:39,727 [INFO] Uploaded case1.in → tSXytn
2025-06-16 15:00:40,696 [INFO] Uploaded mesh.msh → rAeNhn
2025-06-16 15:00:41,149 [INFO] Submitted job myJob8 (pTPrqg)
2025-06-16 15:00:41,283 [INFO] Uploaded mesh.msh → FcYytn
2025-06-16 15:00:41,813 [INFO] Uploaded mesh.msh → HapRhn
2025-06-16 15:00:42,821 [INFO] Uploaded mesh.msh → WChDtn
2025-06-16 15:00:43,523 [INFO] Uploaded mesh.msh → UkpRhn
2025-06-16 15:00:44,376 [INFO] Uploaded case1.in → iOhDtn
2025-06-16 15:00:47,628 [INFO] Uploaded mesh.msh → KapRhn
2025-06-16 15:00:54,080 [INFO] Submitted job myJob9 (QfWEeg)
2025-06-16 15:00:54,428 [INFO] Submitted job myJob10 (eJPrqg)
2025-06-16 15:00:54,921 [INFO] Submitted job myJob13 (rTPrqg)
2025-06-16 15:00:56,507 [INFO] Submitted job myJob12 (crWEeg)
2025-06-16 15:00:56,912 [INFO] Submitted job myJob14 (WfWEeg)
2025-06-16 15:00:57,534 [INFO] Uploaded case1.in → YChDtn
2025-06-16 15:00:57,726 [INFO] Uploaded case1.in → WkpRhn
2025-06-16 15:00:58,087 [INFO] Submitted job myJob11 (kJPrqg)
2025-06-16 15:00:58,255 [INFO] Uploaded case1.in → kOhDtn
2025-06-16 15:01:00,110 [INFO] Uploaded case1.in → tOhDtn
2025-06-16 15:01:00,248 [INFO] Uploaded case1.in → KosHtn
2025-06-16 15:01:01,349 [INFO] Uploaded mesh.msh → YysHtn
2025-06-16 15:01:02,545 [INFO] Uploaded case1.in → DMyVhn
2025-06-16 15:01:02,618 [INFO] Uploaded mesh.msh → KWyVhn
2025-06-16 15:01:03,535 [INFO] Uploaded mesh.msh → SosHtn
2025-06-16 15:01:03,739 [INFO] Submitted job myJob16 (irWEeg)
2025-06-16 15:01:05,161 [INFO] Uploaded mesh.msh → QWyVhn
2025-06-16 15:01:05,893 [INFO] Uploaded mesh.msh → ezsHtn
2025-06-16 15:01:05,948 [INFO] Uploaded mesh.msh → FMyVhn
2025-06-16 15:01:06,074 [INFO] Submitted job myJob15 (xTPrqg)
2025-06-16 15:01:07,015 [INFO] Uploaded case1.in → ixJZhn
2025-06-16 15:01:09,259 [INFO] Uploaded case1.in → njqwkn
2025-06-16 15:01:10,990 [INFO] Uploaded mesh.msh → UWiiwn
2025-06-16 15:01:12,977 [INFO] Uploaded mesh.msh → Huqwkn
2025-06-16 15:01:15,762 [INFO] Submitted job myJob18 (wpgJbg)
2025-06-16 15:01:16,723 [INFO] Submitted job myJob17 (LRZung)
2025-06-16 15:01:19,705 [INFO] Submitted job myJob20 (megJbg)
2025-06-16 15:01:20,173 [INFO] Uploaded case1.in → YUzAkn
2025-06-16 15:01:21,289 [INFO] Submitted job myJob22 (ypgJbg)
2025-06-16 15:01:21,301 [INFO] Submitted job myJob21 (AGZung)
2025-06-16 15:01:21,959 [INFO] Submitted job myJob19 (NRZung)
2025-06-16 15:01:23,759 [INFO] Uploaded mesh.msh → nxtnwn
2025-06-16 15:01:24,869 [INFO] Submitted job myJob23 (segJbg)
2025-06-16 15:01:28,370 [INFO] Submitted job myJob24 (EpgJbg)
2025-06-16 15:01:36,950 [INFO] Uploaded case1.in → JapRhn
2025-06-16 15:01:37,068 [INFO] Uploaded case1.in → GcYytn
2025-06-16 15:01:37,449 [INFO] Uploaded case1.in → VkpRhn
2025-06-16 15:01:38,498 [INFO] Uploaded case1.in → LapRhn
2025-06-16 15:01:38,949 [INFO] Submitted job myJob25 (TRZung)
2025-06-16 15:01:39,773 [INFO] Uploaded case1.in → ZChDtn
2025-06-16 15:01:41,170 [INFO] Uploaded mesh.msh → XkpRhn
2025-06-16 15:01:41,188 [INFO] Uploaded mesh.msh → RapRhn
2025-06-16 15:01:41,208 [INFO] Uploaded case1.in → mOhDtn
2025-06-16 15:01:42,348 [INFO] Uploaded case1.in → fDhDtn
2025-06-16 15:01:42,747 [INFO] Uploaded mesh.msh → dmpRhn
2025-06-16 15:01:43,056 [INFO] Uploaded case1.in → TapRhn
2025-06-16 15:01:43,729 [INFO] Uploaded mesh.msh → hDhDtn
2025-06-16 15:01:43,829 [INFO] Uploaded mesh.msh → sOhDtn
2025-06-16 15:01:44,418 [INFO] Uploaded mesh.msh → fmpRhn
2025-06-16 15:01:45,529 [INFO] Uploaded mesh.msh → uOhDtn
2025-06-16 15:01:46,079 [INFO] Uploaded mesh.msh → wMyVhn
2025-06-16 15:01:56,839 [INFO] Submitted job myJob26 (uegJbg)
2025-06-16 15:01:56,990 [INFO] Submitted job myJob27 (JGZung)
2025-06-16 15:01:57,177 [INFO] Submitted job myJob29 (GpgJbg)
2025-06-16 15:01:58,577 [INFO] Submitted job myJob30 (VRZung)
2025-06-16 15:01:59,003 [INFO] Submitted job myJob28 (XPqNbg)
2025-06-16 15:02:00,349 [INFO] Uploaded case1.in → LHtnwn
2025-06-16 15:02:00,563 [INFO] Uploaded case1.in → NFKEkn
2025-06-16 15:02:00,925 [INFO] Submitted job myJob32 (jarNbg)
2025-06-16 15:02:01,012 [INFO] Submitted job myJob31 (msjzng)
2025-06-16 15:02:01,286 [INFO] Submitted job myJob33 (yCjzng)
2025-06-16 15:02:04,717 [INFO] Uploaded mesh.msh → ZQKEkn
2025-06-16 15:02:04,917 [INFO] Uploaded mesh.msh → biDrwn
2025-06-16 15:02:18,791 [INFO] Submitted job myJob35 (ZPqNbg)
2025-06-16 15:02:20,860 [INFO] Submitted job myJob34 (osjzng)
2025-06-16 15:02:20,861 [INFO] All done! Ledger written to msj_ledger.csv
